app/build/outputs/mapping/release/seeds.txt
android.support.v4.util.ArraySet
android.support.v4.util.ArraySet: boolean DEBUG
android.support.v4.util.ArraySet: java.lang.String TAG
android.support.v4.util.ArraySet: int[] INT
android.support.v4.util.ArraySet: java.lang.Object[] OBJECT
android.support.v4.util.ArraySet: int BASE_SIZE
android.support.v4.util.ArraySet: int CACHE_SIZE
android.support.v4.util.ArraySet: java.lang.Object[] sBaseCache
android.support.v4.util.ArraySet: int sBaseCacheSize
android.support.v4.util.ArraySet: java.lang.Object[] sTwiceBaseCache
android.support.v4.util.ArraySet: int sTwiceBaseCacheSize
android.support.v4.util.ArraySet: boolean mIdentityHashCode
android.support.v4.util.ArraySet: int[] mHashes
android.support.v4.util.ArraySet: java.lang.Object[] mArray
android.support.v4.util.ArraySet: int mSize
android.support.v4.util.ArraySet: android.support.v4.util.MapCollections mCollections
android.support.v4.util.ArraySet: int indexOf(java.lang.Object,int)
android.support.v4.util.ArraySet: int indexOfNull()
android.support.v4.util.ArraySet: void allocArrays(int)
android.support.v4.util.ArraySet: void freeArrays(int[],java.lang.Object[],int)
android.support.v4.util.ArraySet: ArraySet()
android.support.v4.util.ArraySet: ArraySet(int)
android.support.v4.util.ArraySet: ArraySet(int,boolean)
android.support.v4.util.ArraySet: ArraySet(android.support.v4.util.ArraySet)
android.support.v4.util.ArraySet: ArraySet(java.util.Collection)
android.support.v4.util.ArraySet: void clear()
android.support.v4.util.ArraySet$1
android.support.v4.util.ArraySet$1: android.support.v4.util.ArraySet this$0
android.support.v4.util.ArraySet$1: ArraySet$1(android.support.v4.util.ArraySet)
android.support.v4.util.ArraySet$1: int colGetSize()
android.support.v4.util.ArraySet$1: java.lang.Object colGetEntry(int,int)
android.support.v4.util.ArraySet$1: int colIndexOfKey(java.lang.Object)
android.support.v4.util.ArraySet$1: int colIndexOfValue(java.lang.Object)
android.support.v4.util.ArraySet$1: java.util.Map colGetMap()
android.support.v4.util.ArraySet$1: void colPut(java.lang.Object,java.lang.Object)
android.support.v4.util.ArraySet$1: java.lang.Object colSetValue(int,java.lang.Object)
android.support.v4.util.ArraySet$1: void colRemoveAt(int)
android.support.v4.util.ArraySet$1: void colClear()
android.support.v4.util.AtomicFile
android.support.v4.util.AtomicFile: java.io.File mBaseName
android.support.v4.util.AtomicFile: java.io.File mBackupName
android.support.v4.util.AtomicFile: AtomicFile(java.io.File)
android.support.v4.util.AtomicFile: java.io.File getBaseFile()
android.support.v4.util.AtomicFile: void delete()
android.support.v4.util.AtomicFile: java.io.FileOutputStream startWrite()
android.support.v4.util.AtomicFile: void finishWrite(java.io.FileOutputStream)
android.support.v4.util.AtomicFile: void failWrite(java.io.FileOutputStream)
android.support.v4.util.AtomicFile: java.io.FileInputStream openRead()
android.support.v4.util.AtomicFile: byte[] readFully()
android.support.v4.util.AtomicFile: boolean sync(java.io.FileOutputStream)