app/build/outputs/mapping/release/mapping.txt
me.zhanghai.android.materialprogressbar.CircularProgressDrawable -> me.zhanghai.android.materialprogressbar.CircularProgressDrawable:
    void <init>(int,android.content.Context) -> <init>
    void setTintMode(android.graphics.PorterDuff$Mode) -> setTintMode
    void setTintList(android.content.res.ColorStateList) -> setTintList
    void setTint(int) -> setTint
    void setUseIntrinsicPadding(boolean) -> setUseIntrinsicPadding
    boolean getUseIntrinsicPadding() -> getUseIntrinsicPadding
    void setShowBackground(boolean) -> setShowBackground
    boolean getShowBackground() -> getShowBackground
me.zhanghai.android.materialprogressbar.HorizontalProgressBackgroundDrawable -> me.zhanghai.android.materialprogressbar.HorizontalProgressBackgroundDrawable:
    boolean mShow -> mShow
    void <init>(android.content.Context) -> <init>
    boolean getShowBackground() -> getShowBackground
    void setShowBackground(boolean) -> setShowBackground
    void draw(android.graphics.Canvas) -> draw
me.zhanghai.android.materialprogressbar.HorizontalProgressDrawable -> me.zhanghai.android.materialprogressbar.HorizontalProgressDrawable:
    void <init>(android.content.Context) -> <init>
    void setTintMode(android.graphics.PorterDuff$Mode) -> setTintMode
    void setTintList(android.content.res.ColorStateList) -> setTintList
    void setTint(int) -> setTint
    void setUseIntrinsicPadding(boolean) -> setUseIntrinsicPadding
    boolean getUseIntrinsicPadding() -> getUseIntrinsicPadding
    void setShowBackground(boolean) -> setShowBackground
    boolean getShowBackground() -> getShowBackground
me.zhanghai.android.materialprogressbar.IndeterminateCircularProgressDrawable -> me.zhanghai.android.materialprogressbar.IndeterminateCircularProgressDrawable:
    int PROGRESS_INTRINSIC_SIZE_DP -> PROGRESS_INTRINSIC_SIZE_DP
    int PADDED_INTRINSIC_SIZE_DP -> PADDED_INTRINSIC_SIZE_DP
    android.graphics.RectF RECT_BOUND -> RECT_BOUND
    android.graphics.RectF RECT_PADDED_BOUND -> RECT_PADDED_BOUND
    android.graphics.RectF RECT_PROGRESS -> RECT_PROGRESS
    int mProgressIntrinsicSize -> mProgressIntrinsicSize
    int mPaddedIntrinsicSize -> mPaddedIntrinsicSize
    me.zhanghai.android.materialprogressbar.IndeterminateCircularProgressDrawable$RingPathTransform mRingPathTransform -> mRingPathTransform
    me.zhanghai.android.materialprogressbar.IndeterminateCircularProgressDrawable$RingRotation mRingRotation -> mRingRotation
    void <init>(android.content.Context) -> <init>
    int getIntrinsicSize() -> getIntrinsicSize
    int getIntrinsicWidth() -> getIntrinsicWidth
    int getIntrinsicHeight() -> getIntrinsicHeight
    void onPreparePaint(android.graphics.Paint) -> onPreparePaint
    void onDraw(android.graphics.Canvas,int,int,android.graphics.Paint) -> onDraw
    void drawRing(android.graphics.Canvas,android.graphics.Paint) -> drawRing
    boolean isRunning() -> isRunning
    void stop() -> stop
    void start() -> start
    void draw(android.graphics.Canvas) -> draw
    void setUseIntrinsicPadding(boolean) -> setUseIntrinsicPadding
me.zhanghai.android.materialprogressbar.IndeterminateCircularProgressDrawable$1 -> me.zhanghai.android.materialprogressbar.IndeterminateCircularProgressDrawable$1:
me.zhanghai.android.materialprogressbar.IndeterminateCircularProgressDrawable$RingPathTransform -> me.zhanghai.android.materialprogressbar.IndeterminateCircularProgressDrawable$RingPathTransform:
    float mTrimPathStart -> mTrimPathStart
    float mTrimPathEnd -> mTrimPathEnd
    float mTrimPathOffset -> mTrimPathOffset
    void <init>() -> <init>
    void setTrimPathStart(float) -> setTrimPathStart
    void setTrimPathEnd(float) -> setTrimPathEnd
    void setTrimPathOffset(float) -> setTrimPathOffset
    void <init>(me.zhanghai.android.materialprogressbar.IndeterminateCircularProgressDrawable$1) -> <init>