app/build/outputs/mapping/release/usage.txt
com.hongbang.ic.R$dimen
com.hongbang.ic.R$drawable
com.hongbang.ic.R$id
com.hongbang.ic.R$integer
com.hongbang.ic.R$layout
com.hongbang.ic.R$mipmap
com.hongbang.ic.R$string
com.hongbang.ic.R$style
com.hongbang.ic.R$styleable:
    4504:4504:public R$styleable()
com.hongbang.ic.R$xml
com.hongbang.ic.SplashActivity:
    android.widget.ImageView mSplashView
com.hongbang.ic.activity.ChangePasswordActivity:
    private static final int HANDLER_REFRESH_BUTTON
com.hongbang.ic.activity.CommunityChooseActivity:
    public static final java.lang.String EXTRA_CITY_ID
    public static final java.lang.String EXTRA_CHOOSE_MODE
    public static final java.lang.String EXTRA_CHANGE_COMMUNITY
    public static final int MODE_CHOOSE_PROVINCE
    public static final int MODE_CHOOSE_CITY
    public static final int MODE_CHOOSE_DISTRICT
    public static final int MODE_CHOOSE_COMMUNITY
com.hongbang.ic.activity.DebugKeyActivity:
    public static final java.lang.String EXTRA_TITLE
    public static final java.lang.String EXTRA_ACTION
com.hongbang.ic.activity.LoginActivity:
    public static final java.lang.String EXTRA_MOBILE
com.hongbang.ic.activity.MainActivity:
    private android.hardware.Sensor mSensor
    138:145:private void starttSensor()
com.hongbang.ic.activity.MainActivityPermissionsDispatcher:
    private static final int REQUEST_GETPERMISSIONS
    16:17:private MainActivityPermissionsDispatcher()
com.hongbang.ic.activity.RegisterActivity:
    private static final int HANDLER_REFRESH_BUTTON
com.hongbang.ic.activity.RepairActivity:
    private static final int IMAGE_CHOOSE_REQUEST
    private android.widget.Button mCommitButton
com.hongbang.ic.activity.RepairActivityPermissionsDispatcher:
    private static final int REQUEST_CHOOSEIMAGE
    16:17:private RepairActivityPermissionsDispatcher()
com.hongbang.ic.activity.RetrievePasswordActivity:
    private static final int HANDLER_REFRESH_BUTTON
com.hongbang.ic.activity.ShareKeyActivity:
    public static final java.lang.String EXTRA_SHARE_KEY
com.hongbang.ic.adapter.BusinessListAdapter:
    46:48:public void setData(java.util.List)
com.hongbang.ic.adapter.KeyListAdapter:
    35:38:public void setData(java.util.List)
com.hongbang.ic.adapter.NoticeListAdapter:
    29:32:public void setData(java.util.List)
com.hongbang.ic.adapter.RepairListAdapter:
    31:34:public void setData(java.util.List)
com.hongbang.ic.bluetooth.BluetoothLeService:
    private android.bluetooth.BluetoothManager mBluetoothManager
    private android.bluetooth.BluetoothAdapter mBluetoothAdapter
    private java.lang.String mBluetoothDeviceAddress
    private static final int STATE_DISCONNECTED
    private static final int STATE_CONNECTING
    private static final int STATE_CONNECTED
    public static final java.lang.String ACTION_GATT_CONNECTED
    public static final java.lang.String ACTION_GATT_DISCONNECTED
    public static final java.lang.String ACTION_GATT_SERVICES_DISCOVERED
    public static final java.lang.String ACTION_DATA_AVAILABLE
    public static final java.lang.String EXTRA_DATA
    206:220:public boolean initialize()
    233:262:public boolean connect(java.lang.String)
    272:277:public void disconnect()
    299:304:public void readCharacteristic(android.bluetooth.BluetoothGattCharacteristic)
    314:329:public void setCharacteristicNotification(android.bluetooth.BluetoothGattCharacteristic,boolean)
    338:339:public java.util.List getSupportedGattServices()
    345:376:public void writeLlsAlertLevel(int,byte[])
    379:380:private void showMessage(java.lang.String)
com.hongbang.ic.bluetooth.BluetoothLeService$LocalBinder:
    181:181:com.hongbang.ic.bluetooth.BluetoothLeService getService()
com.hongbang.ic.bluetooth.SampleGattAttributes:
    24:24:public SampleGattAttributes()
    40:41:public static java.lang.String lookup(java.lang.String,java.lang.String)